Determining if files direct.h exist failed with the following output:
Change Dir: /storage5/shawn/RREMD/source_gromacs-4.6.7.4/build/CMakeFiles/CMakeTmp

Run Build Command(s):/usr/bin/make cmTC_970ff/fast && /usr/bin/make -f CMakeFiles/cmTC_970ff.dir/build.make CMakeFiles/cmTC_970ff.dir/build
make[1]: Entering directory '/storage5/shawn/RREMD/source_gromacs-4.6.7.4/build/CMakeFiles/CMakeTmp'
Building C object CMakeFiles/cmTC_970ff.dir/HAVE_DIRECT_H.c.o
/usr/bin/cc   -Wextra -Wno-missing-field-initializers -Wno-sign-compare -Wall -Wno-unused -Wunused-value -Wno-unused-parameter -Wno-array-bounds -Wno-maybe-uninitialized -Wno-strict-overflow      -o CMakeFiles/cmTC_970ff.dir/HAVE_DIRECT_H.c.o   -c /storage5/shawn/RREMD/source_gromacs-4.6.7.4/build/CMakeFiles/CheckIncludeFiles/HAVE_DIRECT_H.c
/storage5/shawn/RREMD/source_gromacs-4.6.7.4/build/CMakeFiles/CheckIncludeFiles/HAVE_DIRECT_H.c:2:10: fatal error: direct.h: No such file or directory
    2 | #include <direct.h>
      |          ^~~~~~~~~~
compilation terminated.
make[1]: *** [CMakeFiles/cmTC_970ff.dir/build.make:66: CMakeFiles/cmTC_970ff.dir/HAVE_DIRECT_H.c.o] Error 1
make[1]: Leaving directory '/storage5/shawn/RREMD/source_gromacs-4.6.7.4/build/CMakeFiles/CMakeTmp'
make: *** [Makefile:121: cmTC_970ff/fast] Error 2


Source:
/* */
#include <direct.h>


int main(void){return 0;}

Determining if files io.h exist failed with the following output:
Change Dir: /storage5/shawn/RREMD/source_gromacs-4.6.7.4/build/CMakeFiles/CMakeTmp

Run Build Command(s):/usr/bin/make cmTC_243a9/fast && /usr/bin/make -f CMakeFiles/cmTC_243a9.dir/build.make CMakeFiles/cmTC_243a9.dir/build
make[1]: Entering directory '/storage5/shawn/RREMD/source_gromacs-4.6.7.4/build/CMakeFiles/CMakeTmp'
Building C object CMakeFiles/cmTC_243a9.dir/HAVE_IO_H.c.o
/usr/bin/cc   -Wextra -Wno-missing-field-initializers -Wno-sign-compare -Wall -Wno-unused -Wunused-value -Wno-unused-parameter -Wno-array-bounds -Wno-maybe-uninitialized -Wno-strict-overflow      -o CMakeFiles/cmTC_243a9.dir/HAVE_IO_H.c.o   -c /storage5/shawn/RREMD/source_gromacs-4.6.7.4/build/CMakeFiles/CheckIncludeFiles/HAVE_IO_H.c
/storage5/shawn/RREMD/source_gromacs-4.6.7.4/build/CMakeFiles/CheckIncludeFiles/HAVE_IO_H.c:2:10: fatal error: io.h: No such file or directory
    2 | #include <io.h>
      |          ^~~~~~
compilation terminated.
make[1]: *** [CMakeFiles/cmTC_243a9.dir/build.make:66: CMakeFiles/cmTC_243a9.dir/HAVE_IO_H.c.o] Error 1
make[1]: Leaving directory '/storage5/shawn/RREMD/source_gromacs-4.6.7.4/build/CMakeFiles/CMakeTmp'
make: *** [Makefile:121: cmTC_243a9/fast] Error 2


Source:
/* */
#include <io.h>


int main(void){return 0;}

Determining if the function _aligned_malloc exists failed with the following output:
Change Dir: /storage5/shawn/RREMD/source_gromacs-4.6.7.4/build/CMakeFiles/CMakeTmp

Run Build Command(s):/usr/bin/make cmTC_7dba9/fast && /usr/bin/make -f CMakeFiles/cmTC_7dba9.dir/build.make CMakeFiles/cmTC_7dba9.dir/build
make[1]: Entering directory '/storage5/shawn/RREMD/source_gromacs-4.6.7.4/build/CMakeFiles/CMakeTmp'
Building C object CMakeFiles/cmTC_7dba9.dir/CheckFunctionExists.c.o
/usr/bin/cc   -Wextra -Wno-missing-field-initializers -Wno-sign-compare -Wall -Wno-unused -Wunused-value -Wno-unused-parameter -Wno-array-bounds -Wno-maybe-uninitialized -Wno-strict-overflow   -DCHECK_FUNCTION_EXISTS=_aligned_malloc   -o CMakeFiles/cmTC_7dba9.dir/CheckFunctionExists.c.o   -c /usr/share/cmake-3.16/Modules/CheckFunctionExists.c
Linking C executable cmTC_7dba9
/usr/bin/cmake -E cmake_link_script CMakeFiles/cmTC_7dba9.dir/link.txt --verbose=1
/usr/bin/cc -Wextra -Wno-missing-field-initializers -Wno-sign-compare -Wall -Wno-unused -Wunused-value -Wno-unused-parameter -Wno-array-bounds -Wno-maybe-uninitialized -Wno-strict-overflow   -DCHECK_FUNCTION_EXISTS=_aligned_malloc    -rdynamic CMakeFiles/cmTC_7dba9.dir/CheckFunctionExists.c.o  -o cmTC_7dba9 
/usr/bin/ld: CMakeFiles/cmTC_7dba9.dir/CheckFunctionExists.c.o: in function `main':
CheckFunctionExists.c:(.text+0x14): undefined reference to `_aligned_malloc'
collect2: error: ld returned 1 exit status
make[1]: *** [CMakeFiles/cmTC_7dba9.dir/build.make:87: cmTC_7dba9] Error 1
make[1]: Leaving directory '/storage5/shawn/RREMD/source_gromacs-4.6.7.4/build/CMakeFiles/CMakeTmp'
make: *** [Makefile:121: cmTC_7dba9/fast] Error 2



Determining if the function _isnan exists failed with the following output:
Change Dir: /storage5/shawn/RREMD/source_gromacs-4.6.7.4/build/CMakeFiles/CMakeTmp

Run Build Command(s):/usr/bin/make cmTC_371e1/fast && /usr/bin/make -f CMakeFiles/cmTC_371e1.dir/build.make CMakeFiles/cmTC_371e1.dir/build
make[1]: Entering directory '/storage5/shawn/RREMD/source_gromacs-4.6.7.4/build/CMakeFiles/CMakeTmp'
Building C object CMakeFiles/cmTC_371e1.dir/CheckFunctionExists.c.o
/usr/bin/cc   -Wextra -Wno-missing-field-initializers -Wno-sign-compare -Wall -Wno-unused -Wunused-value -Wno-unused-parameter -Wno-array-bounds -Wno-maybe-uninitialized -Wno-strict-overflow   -DCHECK_FUNCTION_EXISTS=_isnan   -o CMakeFiles/cmTC_371e1.dir/CheckFunctionExists.c.o   -c /usr/share/cmake-3.16/Modules/CheckFunctionExists.c
Linking C executable cmTC_371e1
/usr/bin/cmake -E cmake_link_script CMakeFiles/cmTC_371e1.dir/link.txt --verbose=1
/usr/bin/cc -Wextra -Wno-missing-field-initializers -Wno-sign-compare -Wall -Wno-unused -Wunused-value -Wno-unused-parameter -Wno-array-bounds -Wno-maybe-uninitialized -Wno-strict-overflow   -DCHECK_FUNCTION_EXISTS=_isnan    -rdynamic CMakeFiles/cmTC_371e1.dir/CheckFunctionExists.c.o  -o cmTC_371e1 
/usr/bin/ld: CMakeFiles/cmTC_371e1.dir/CheckFunctionExists.c.o: in function `main':
CheckFunctionExists.c:(.text+0x14): undefined reference to `_isnan'
collect2: error: ld returned 1 exit status
make[1]: *** [CMakeFiles/cmTC_371e1.dir/build.make:87: cmTC_371e1] Error 1
make[1]: Leaving directory '/storage5/shawn/RREMD/source_gromacs-4.6.7.4/build/CMakeFiles/CMakeTmp'
make: *** [Makefile:121: cmTC_371e1/fast] Error 2



Determining if the function _fileno exists failed with the following output:
Change Dir: /storage5/shawn/RREMD/source_gromacs-4.6.7.4/build/CMakeFiles/CMakeTmp

Run Build Command(s):/usr/bin/make cmTC_84a0f/fast && /usr/bin/make -f CMakeFiles/cmTC_84a0f.dir/build.make CMakeFiles/cmTC_84a0f.dir/build
make[1]: Entering directory '/storage5/shawn/RREMD/source_gromacs-4.6.7.4/build/CMakeFiles/CMakeTmp'
Building C object CMakeFiles/cmTC_84a0f.dir/CheckFunctionExists.c.o
/usr/bin/cc   -Wextra -Wno-missing-field-initializers -Wno-sign-compare -Wall -Wno-unused -Wunused-value -Wno-unused-parameter -Wno-array-bounds -Wno-maybe-uninitialized -Wno-strict-overflow   -DCHECK_FUNCTION_EXISTS=_fileno   -o CMakeFiles/cmTC_84a0f.dir/CheckFunctionExists.c.o   -c /usr/share/cmake-3.16/Modules/CheckFunctionExists.c
Linking C executable cmTC_84a0f
/usr/bin/cmake -E cmake_link_script CMakeFiles/cmTC_84a0f.dir/link.txt --verbose=1
/usr/bin/cc -Wextra -Wno-missing-field-initializers -Wno-sign-compare -Wall -Wno-unused -Wunused-value -Wno-unused-parameter -Wno-array-bounds -Wno-maybe-uninitialized -Wno-strict-overflow   -DCHECK_FUNCTION_EXISTS=_fileno    -rdynamic CMakeFiles/cmTC_84a0f.dir/CheckFunctionExists.c.o  -o cmTC_84a0f 
/usr/bin/ld: CMakeFiles/cmTC_84a0f.dir/CheckFunctionExists.c.o: in function `main':
CheckFunctionExists.c:(.text+0x14): undefined reference to `_fileno'
collect2: error: ld returned 1 exit status
make[1]: *** [CMakeFiles/cmTC_84a0f.dir/build.make:87: cmTC_84a0f] Error 1
make[1]: Leaving directory '/storage5/shawn/RREMD/source_gromacs-4.6.7.4/build/CMakeFiles/CMakeTmp'
make: *** [Makefile:121: cmTC_84a0f/fast] Error 2



Determining if the function _commit exists failed with the following output:
Change Dir: /storage5/shawn/RREMD/source_gromacs-4.6.7.4/build/CMakeFiles/CMakeTmp

Run Build Command(s):/usr/bin/make cmTC_5d19d/fast && /usr/bin/make -f CMakeFiles/cmTC_5d19d.dir/build.make CMakeFiles/cmTC_5d19d.dir/build
make[1]: Entering directory '/storage5/shawn/RREMD/source_gromacs-4.6.7.4/build/CMakeFiles/CMakeTmp'
Building C object CMakeFiles/cmTC_5d19d.dir/CheckFunctionExists.c.o
/usr/bin/cc   -Wextra -Wno-missing-field-initializers -Wno-sign-compare -Wall -Wno-unused -Wunused-value -Wno-unused-parameter -Wno-array-bounds -Wno-maybe-uninitialized -Wno-strict-overflow   -DCHECK_FUNCTION_EXISTS=_commit   -o CMakeFiles/cmTC_5d19d.dir/CheckFunctionExists.c.o   -c /usr/share/cmake-3.16/Modules/CheckFunctionExists.c
Linking C executable cmTC_5d19d
/usr/bin/cmake -E cmake_link_script CMakeFiles/cmTC_5d19d.dir/link.txt --verbose=1
/usr/bin/cc -Wextra -Wno-missing-field-initializers -Wno-sign-compare -Wall -Wno-unused -Wunused-value -Wno-unused-parameter -Wno-array-bounds -Wno-maybe-uninitialized -Wno-strict-overflow   -DCHECK_FUNCTION_EXISTS=_commit    -rdynamic CMakeFiles/cmTC_5d19d.dir/CheckFunctionExists.c.o  -o cmTC_5d19d 
/usr/bin/ld: CMakeFiles/cmTC_5d19d.dir/CheckFunctionExists.c.o: in function `main':
CheckFunctionExists.c:(.text+0x14): undefined reference to `_commit'
collect2: error: ld returned 1 exit status
make[1]: *** [CMakeFiles/cmTC_5d19d.dir/build.make:87: cmTC_5d19d] Error 1
make[1]: Leaving directory '/storage5/shawn/RREMD/source_gromacs-4.6.7.4/build/CMakeFiles/CMakeTmp'
make: *** [Makefile:121: cmTC_5d19d/fast] Error 2



Determining if the function rsqrt exists failed with the following output:
Change Dir: /storage5/shawn/RREMD/source_gromacs-4.6.7.4/build/CMakeFiles/CMakeTmp

Run Build Command(s):/usr/bin/make cmTC_34bce/fast && /usr/bin/make -f CMakeFiles/cmTC_34bce.dir/build.make CMakeFiles/cmTC_34bce.dir/build
make[1]: Entering directory '/storage5/shawn/RREMD/source_gromacs-4.6.7.4/build/CMakeFiles/CMakeTmp'
Building C object CMakeFiles/cmTC_34bce.dir/CheckFunctionExists.c.o
/usr/bin/cc   -Wextra -Wno-missing-field-initializers -Wno-sign-compare -Wall -Wno-unused -Wunused-value -Wno-unused-parameter -Wno-array-bounds -Wno-maybe-uninitialized -Wno-strict-overflow   -DCHECK_FUNCTION_EXISTS=rsqrt   -o CMakeFiles/cmTC_34bce.dir/CheckFunctionExists.c.o   -c /usr/share/cmake-3.16/Modules/CheckFunctionExists.c
Linking C executable cmTC_34bce
/usr/bin/cmake -E cmake_link_script CMakeFiles/cmTC_34bce.dir/link.txt --verbose=1
/usr/bin/cc -Wextra -Wno-missing-field-initializers -Wno-sign-compare -Wall -Wno-unused -Wunused-value -Wno-unused-parameter -Wno-array-bounds -Wno-maybe-uninitialized -Wno-strict-overflow   -DCHECK_FUNCTION_EXISTS=rsqrt    -rdynamic CMakeFiles/cmTC_34bce.dir/CheckFunctionExists.c.o  -o cmTC_34bce 
/usr/bin/ld: CMakeFiles/cmTC_34bce.dir/CheckFunctionExists.c.o: in function `main':
CheckFunctionExists.c:(.text+0x14): undefined reference to `rsqrt'
collect2: error: ld returned 1 exit status
make[1]: *** [CMakeFiles/cmTC_34bce.dir/build.make:87: cmTC_34bce] Error 1
make[1]: Leaving directory '/storage5/shawn/RREMD/source_gromacs-4.6.7.4/build/CMakeFiles/CMakeTmp'
make: *** [Makefile:121: cmTC_34bce/fast] Error 2



Determining if the function rsqrtf exists failed with the following output:
Change Dir: /storage5/shawn/RREMD/source_gromacs-4.6.7.4/build/CMakeFiles/CMakeTmp

Run Build Command(s):/usr/bin/make cmTC_2d1a2/fast && /usr/bin/make -f CMakeFiles/cmTC_2d1a2.dir/build.make CMakeFiles/cmTC_2d1a2.dir/build
make[1]: Entering directory '/storage5/shawn/RREMD/source_gromacs-4.6.7.4/build/CMakeFiles/CMakeTmp'
Building C object CMakeFiles/cmTC_2d1a2.dir/CheckFunctionExists.c.o
/usr/bin/cc   -Wextra -Wno-missing-field-initializers -Wno-sign-compare -Wall -Wno-unused -Wunused-value -Wno-unused-parameter -Wno-array-bounds -Wno-maybe-uninitialized -Wno-strict-overflow   -DCHECK_FUNCTION_EXISTS=rsqrtf   -o CMakeFiles/cmTC_2d1a2.dir/CheckFunctionExists.c.o   -c /usr/share/cmake-3.16/Modules/CheckFunctionExists.c
Linking C executable cmTC_2d1a2
/usr/bin/cmake -E cmake_link_script CMakeFiles/cmTC_2d1a2.dir/link.txt --verbose=1
/usr/bin/cc -Wextra -Wno-missing-field-initializers -Wno-sign-compare -Wall -Wno-unused -Wunused-value -Wno-unused-parameter -Wno-array-bounds -Wno-maybe-uninitialized -Wno-strict-overflow   -DCHECK_FUNCTION_EXISTS=rsqrtf    -rdynamic CMakeFiles/cmTC_2d1a2.dir/CheckFunctionExists.c.o  -o cmTC_2d1a2 
/usr/bin/ld: CMakeFiles/cmTC_2d1a2.dir/CheckFunctionExists.c.o: in function `main':
CheckFunctionExists.c:(.text+0x14): undefined reference to `rsqrtf'
collect2: error: ld returned 1 exit status
make[1]: *** [CMakeFiles/cmTC_2d1a2.dir/build.make:87: cmTC_2d1a2] Error 1
make[1]: Leaving directory '/storage5/shawn/RREMD/source_gromacs-4.6.7.4/build/CMakeFiles/CMakeTmp'
make: *** [Makefile:121: cmTC_2d1a2/fast] Error 2



Determining if the function sqrtf exists failed with the following output:
Change Dir: /storage5/shawn/RREMD/source_gromacs-4.6.7.4/build/CMakeFiles/CMakeTmp

Run Build Command(s):/usr/bin/make cmTC_7fbb7/fast && /usr/bin/make -f CMakeFiles/cmTC_7fbb7.dir/build.make CMakeFiles/cmTC_7fbb7.dir/build
make[1]: Entering directory '/storage5/shawn/RREMD/source_gromacs-4.6.7.4/build/CMakeFiles/CMakeTmp'
Building C object CMakeFiles/cmTC_7fbb7.dir/CheckFunctionExists.c.o
/usr/bin/cc   -Wextra -Wno-missing-field-initializers -Wno-sign-compare -Wall -Wno-unused -Wunused-value -Wno-unused-parameter -Wno-array-bounds -Wno-maybe-uninitialized -Wno-strict-overflow   -DCHECK_FUNCTION_EXISTS=sqrtf   -o CMakeFiles/cmTC_7fbb7.dir/CheckFunctionExists.c.o   -c /usr/share/cmake-3.16/Modules/CheckFunctionExists.c
<command-line>: warning: conflicting types for built-in function ‘sqrtf’; expected ‘float(float)’ [-Wbuiltin-declaration-mismatch]
/usr/share/cmake-3.16/Modules/CheckFunctionExists.c:7:3: note: in expansion of macro ‘CHECK_FUNCTION_EXISTS’
    7 |   CHECK_FUNCTION_EXISTS(void);
      |   ^~~~~~~~~~~~~~~~~~~~~
/usr/share/cmake-3.16/Modules/CheckFunctionExists.c:1:1: note: ‘sqrtf’ is declared in header ‘<math.h>’
  +++ |+#include <math.h>
    1 | #ifdef CHECK_FUNCTION_EXISTS
Linking C executable cmTC_7fbb7
/usr/bin/cmake -E cmake_link_script CMakeFiles/cmTC_7fbb7.dir/link.txt --verbose=1
/usr/bin/cc -Wextra -Wno-missing-field-initializers -Wno-sign-compare -Wall -Wno-unused -Wunused-value -Wno-unused-parameter -Wno-array-bounds -Wno-maybe-uninitialized -Wno-strict-overflow   -DCHECK_FUNCTION_EXISTS=sqrtf    -rdynamic CMakeFiles/cmTC_7fbb7.dir/CheckFunctionExists.c.o  -o cmTC_7fbb7 
/usr/bin/ld: CMakeFiles/cmTC_7fbb7.dir/CheckFunctionExists.c.o: in function `main':
CheckFunctionExists.c:(.text+0x14): undefined reference to `sqrtf'
collect2: error: ld returned 1 exit status
make[1]: *** [CMakeFiles/cmTC_7fbb7.dir/build.make:87: cmTC_7fbb7] Error 1
make[1]: Leaving directory '/storage5/shawn/RREMD/source_gromacs-4.6.7.4/build/CMakeFiles/CMakeTmp'
make: *** [Makefile:121: cmTC_7fbb7/fast] Error 2



Determining size of bool failed with the following output:
Change Dir: /storage5/shawn/RREMD/source_gromacs-4.6.7.4/build/CMakeFiles/CMakeTmp

Run Build Command(s):/usr/bin/make cmTC_07c9e/fast && /usr/bin/make -f CMakeFiles/cmTC_07c9e.dir/build.make CMakeFiles/cmTC_07c9e.dir/build
make[1]: Entering directory '/storage5/shawn/RREMD/source_gromacs-4.6.7.4/build/CMakeFiles/CMakeTmp'
Building C object CMakeFiles/cmTC_07c9e.dir/SIZEOF_BOOL.c.o
/usr/bin/cc   -Wextra -Wno-missing-field-initializers -Wno-sign-compare -Wall -Wno-unused -Wunused-value -Wno-unused-parameter -Wno-array-bounds -Wno-maybe-uninitialized -Wno-strict-overflow      -o CMakeFiles/cmTC_07c9e.dir/SIZEOF_BOOL.c.o   -c /storage5/shawn/RREMD/source_gromacs-4.6.7.4/build/CMakeFiles/CheckTypeSize/SIZEOF_BOOL.c
/storage5/shawn/RREMD/source_gromacs-4.6.7.4/build/CMakeFiles/CheckTypeSize/SIZEOF_BOOL.c:23:22: error: ‘bool’ undeclared here (not in a function)
   23 | #define SIZE (sizeof(bool))
      |                      ^~~~
/storage5/shawn/RREMD/source_gromacs-4.6.7.4/build/CMakeFiles/CheckTypeSize/SIZEOF_BOOL.c:25:12: note: in expansion of macro ‘SIZE’
   25 |   ('0' + ((SIZE / 10000)%10)),
      |            ^~~~
make[1]: *** [CMakeFiles/cmTC_07c9e.dir/build.make:66: CMakeFiles/cmTC_07c9e.dir/SIZEOF_BOOL.c.o] Error 1
make[1]: Leaving directory '/storage5/shawn/RREMD/source_gromacs-4.6.7.4/build/CMakeFiles/CMakeTmp'
make: *** [Makefile:121: cmTC_07c9e/fast] Error 2


/storage5/shawn/RREMD/source_gromacs-4.6.7.4/build/CMakeFiles/CheckTypeSize/SIZEOF_BOOL.c:
#include <sys/types.h>
#include <stdint.h>
#include <stddef.h>


#undef KEY
#if defined(__i386)
# define KEY '_','_','i','3','8','6'
#elif defined(__x86_64)
# define KEY '_','_','x','8','6','_','6','4'
#elif defined(__ppc__)
# define KEY '_','_','p','p','c','_','_'
#elif defined(__ppc64__)
# define KEY '_','_','p','p','c','6','4','_','_'
#elif defined(__aarch64__)
# define KEY '_','_','a','a','r','c','h','6','4','_','_'
#elif defined(__ARM_ARCH_7A__)
# define KEY '_','_','A','R','M','_','A','R','C','H','_','7','A','_','_'
#elif defined(__ARM_ARCH_7S__)
# define KEY '_','_','A','R','M','_','A','R','C','H','_','7','S','_','_'
#endif

#define SIZE (sizeof(bool))
static char info_size[] =  {'I', 'N', 'F', 'O', ':', 's','i','z','e','[',
  ('0' + ((SIZE / 10000)%10)),
  ('0' + ((SIZE / 1000)%10)),
  ('0' + ((SIZE / 100)%10)),
  ('0' + ((SIZE / 10)%10)),
  ('0' +  (SIZE    % 10)),
  ']',
#ifdef KEY
  ' ','k','e','y','[', KEY, ']',
#endif
  '\0'};

#ifdef __CLASSIC_C__
int main(argc, argv) int argc; char *argv[];
#else
int main(int argc, char *argv[])
#endif
{
  int require = 0;
  require += info_size[argc];
  (void)argv;
  return require;
}


Performing C SOURCE FILE Test CMAKE_HAVE_LIBC_PTHREAD failed with the following output:
Change Dir: /storage5/shawn/RREMD/source_gromacs-4.6.7.4/build/CMakeFiles/CMakeTmp

Run Build Command(s):/usr/bin/make cmTC_d0bc4/fast && /usr/bin/make -f CMakeFiles/cmTC_d0bc4.dir/build.make CMakeFiles/cmTC_d0bc4.dir/build
make[1]: Entering directory '/storage5/shawn/RREMD/source_gromacs-4.6.7.4/build/CMakeFiles/CMakeTmp'
Building C object CMakeFiles/cmTC_d0bc4.dir/src.c.o
/usr/bin/cc   -Wextra -Wno-missing-field-initializers -Wno-sign-compare -Wall -Wno-unused -Wunused-value -Wno-unused-parameter -Wno-array-bounds -Wno-maybe-uninitialized -Wno-strict-overflow   -DCMAKE_HAVE_LIBC_PTHREAD   -o CMakeFiles/cmTC_d0bc4.dir/src.c.o   -c /storage5/shawn/RREMD/source_gromacs-4.6.7.4/build/CMakeFiles/CMakeTmp/src.c
Linking C executable cmTC_d0bc4
/usr/bin/cmake -E cmake_link_script CMakeFiles/cmTC_d0bc4.dir/link.txt --verbose=1
/usr/bin/cc -Wextra -Wno-missing-field-initializers -Wno-sign-compare -Wall -Wno-unused -Wunused-value -Wno-unused-parameter -Wno-array-bounds -Wno-maybe-uninitialized -Wno-strict-overflow   -DCMAKE_HAVE_LIBC_PTHREAD    -rdynamic CMakeFiles/cmTC_d0bc4.dir/src.c.o  -o cmTC_d0bc4 
/usr/bin/ld: CMakeFiles/cmTC_d0bc4.dir/src.c.o: in function `main':
src.c:(.text+0x46): undefined reference to `pthread_create'
/usr/bin/ld: src.c:(.text+0x52): undefined reference to `pthread_detach'
/usr/bin/ld: src.c:(.text+0x63): undefined reference to `pthread_join'
collect2: error: ld returned 1 exit status
make[1]: *** [CMakeFiles/cmTC_d0bc4.dir/build.make:87: cmTC_d0bc4] Error 1
make[1]: Leaving directory '/storage5/shawn/RREMD/source_gromacs-4.6.7.4/build/CMakeFiles/CMakeTmp'
make: *** [Makefile:121: cmTC_d0bc4/fast] Error 2


Source file was:
#include <pthread.h>

void* test_func(void* data)
{
  return data;
}

int main(void)
{
  pthread_t thread;
  pthread_create(&thread, NULL, test_func, NULL);
  pthread_detach(thread);
  pthread_join(thread, NULL);
  pthread_atfork(NULL, NULL, NULL);
  pthread_exit(NULL);

  return 0;
}

Determining if the function pthread_create exists in the pthreads failed with the following output:
Change Dir: /storage5/shawn/RREMD/source_gromacs-4.6.7.4/build/CMakeFiles/CMakeTmp

Run Build Command(s):/usr/bin/make cmTC_55c7b/fast && /usr/bin/make -f CMakeFiles/cmTC_55c7b.dir/build.make CMakeFiles/cmTC_55c7b.dir/build
make[1]: Entering directory '/storage5/shawn/RREMD/source_gromacs-4.6.7.4/build/CMakeFiles/CMakeTmp'
Building C object CMakeFiles/cmTC_55c7b.dir/CheckFunctionExists.c.o
/usr/bin/cc   -Wextra -Wno-missing-field-initializers -Wno-sign-compare -Wall -Wno-unused -Wunused-value -Wno-unused-parameter -Wno-array-bounds -Wno-maybe-uninitialized -Wno-strict-overflow   -DCHECK_FUNCTION_EXISTS=pthread_create   -o CMakeFiles/cmTC_55c7b.dir/CheckFunctionExists.c.o   -c /usr/share/cmake-3.16/Modules/CheckFunctionExists.c
Linking C executable cmTC_55c7b
/usr/bin/cmake -E cmake_link_script CMakeFiles/cmTC_55c7b.dir/link.txt --verbose=1
/usr/bin/cc -Wextra -Wno-missing-field-initializers -Wno-sign-compare -Wall -Wno-unused -Wunused-value -Wno-unused-parameter -Wno-array-bounds -Wno-maybe-uninitialized -Wno-strict-overflow   -DCHECK_FUNCTION_EXISTS=pthread_create    -rdynamic CMakeFiles/cmTC_55c7b.dir/CheckFunctionExists.c.o  -o cmTC_55c7b  -lpthreads 
/usr/bin/ld: cannot find -lpthreads
collect2: error: ld returned 1 exit status
make[1]: *** [CMakeFiles/cmTC_55c7b.dir/build.make:87: cmTC_55c7b] Error 1
make[1]: Leaving directory '/storage5/shawn/RREMD/source_gromacs-4.6.7.4/build/CMakeFiles/CMakeTmp'
make: *** [Makefile:121: cmTC_55c7b/fast] Error 2



Performing C SOURCE FILE Test _isfinite_compile_ok failed with the following output:
Change Dir: /storage5/shawn/RREMD/source_gromacs-4.6.7.4/build/CMakeFiles/CMakeTmp

Run Build Command(s):/usr/bin/make cmTC_df3d4/fast && /usr/bin/make -f CMakeFiles/cmTC_df3d4.dir/build.make CMakeFiles/cmTC_df3d4.dir/build
make[1]: Entering directory '/storage5/shawn/RREMD/source_gromacs-4.6.7.4/build/CMakeFiles/CMakeTmp'
Building C object CMakeFiles/cmTC_df3d4.dir/src.c.o
/usr/bin/cc  -I/storage5/shawn/RREMD/source_gromacs-4.6.7.4/build/CMakeFiles/CMakeTmp/math.h  -Wextra -Wno-missing-field-initializers -Wno-sign-compare -Wall -Wno-unused -Wunused-value -Wno-unused-parameter -Wno-array-bounds -Wno-maybe-uninitialized -Wno-strict-overflow   -D_isfinite_compile_ok   -o CMakeFiles/cmTC_df3d4.dir/src.c.o   -c /storage5/shawn/RREMD/source_gromacs-4.6.7.4/build/CMakeFiles/CMakeTmp/src.c
/storage5/shawn/RREMD/source_gromacs-4.6.7.4/build/CMakeFiles/CMakeTmp/src.c: In function ‘main’:
/storage5/shawn/RREMD/source_gromacs-4.6.7.4/build/CMakeFiles/CMakeTmp/src.c:4:3: warning: implicit declaration of function ‘_isfinite’; did you mean ‘isfinite’? [-Wimplicit-function-declaration]
    4 |   _isfinite(f);
      |   ^~~~~~~~~
      |   isfinite
/storage5/shawn/RREMD/source_gromacs-4.6.7.4/build/CMakeFiles/CMakeTmp/src.c:4:3: warning: ‘f’ is used uninitialized in this function [-Wuninitialized]
    4 |   _isfinite(f);
      |   ^~~~~~~~~~~~
Linking C executable cmTC_df3d4
/usr/bin/cmake -E cmake_link_script CMakeFiles/cmTC_df3d4.dir/link.txt --verbose=1
/usr/bin/cc -Wextra -Wno-missing-field-initializers -Wno-sign-compare -Wall -Wno-unused -Wunused-value -Wno-unused-parameter -Wno-array-bounds -Wno-maybe-uninitialized -Wno-strict-overflow   -D_isfinite_compile_ok    -rdynamic CMakeFiles/cmTC_df3d4.dir/src.c.o  -o cmTC_df3d4  -lm 
/usr/bin/ld: CMakeFiles/cmTC_df3d4.dir/src.c.o: in function `main':
src.c:(.text+0x17): undefined reference to `_isfinite'
collect2: error: ld returned 1 exit status
make[1]: *** [CMakeFiles/cmTC_df3d4.dir/build.make:87: cmTC_df3d4] Error 1
make[1]: Leaving directory '/storage5/shawn/RREMD/source_gromacs-4.6.7.4/build/CMakeFiles/CMakeTmp'
make: *** [Makefile:121: cmTC_df3d4/fast] Error 2


Source file was:
#include <math.h>
int main(void) {
  float f;
  _isfinite(f);
}
Performing C SOURCE FILE Test _finite_compile_ok failed with the following output:
Change Dir: /storage5/shawn/RREMD/source_gromacs-4.6.7.4/build/CMakeFiles/CMakeTmp

Run Build Command(s):/usr/bin/make cmTC_85812/fast && /usr/bin/make -f CMakeFiles/cmTC_85812.dir/build.make CMakeFiles/cmTC_85812.dir/build
make[1]: Entering directory '/storage5/shawn/RREMD/source_gromacs-4.6.7.4/build/CMakeFiles/CMakeTmp'
Building C object CMakeFiles/cmTC_85812.dir/src.c.o
/usr/bin/cc  -I/storage5/shawn/RREMD/source_gromacs-4.6.7.4/build/CMakeFiles/CMakeTmp/float.h  -Wextra -Wno-missing-field-initializers -Wno-sign-compare -Wall -Wno-unused -Wunused-value -Wno-unused-parameter -Wno-array-bounds -Wno-maybe-uninitialized -Wno-strict-overflow   -D_finite_compile_ok   -o CMakeFiles/cmTC_85812.dir/src.c.o   -c /storage5/shawn/RREMD/source_gromacs-4.6.7.4/build/CMakeFiles/CMakeTmp/src.c
/storage5/shawn/RREMD/source_gromacs-4.6.7.4/build/CMakeFiles/CMakeTmp/src.c: In function ‘main’:
/storage5/shawn/RREMD/source_gromacs-4.6.7.4/build/CMakeFiles/CMakeTmp/src.c:4:3: warning: implicit declaration of function ‘_finite’ [-Wimplicit-function-declaration]
    4 |   _finite(f);
      |   ^~~~~~~
/storage5/shawn/RREMD/source_gromacs-4.6.7.4/build/CMakeFiles/CMakeTmp/src.c:4:3: warning: ‘f’ is used uninitialized in this function [-Wuninitialized]
    4 |   _finite(f);
      |   ^~~~~~~~~~
Linking C executable cmTC_85812
/usr/bin/cmake -E cmake_link_script CMakeFiles/cmTC_85812.dir/link.txt --verbose=1
/usr/bin/cc -Wextra -Wno-missing-field-initializers -Wno-sign-compare -Wall -Wno-unused -Wunused-value -Wno-unused-parameter -Wno-array-bounds -Wno-maybe-uninitialized -Wno-strict-overflow   -D_finite_compile_ok    -rdynamic CMakeFiles/cmTC_85812.dir/src.c.o  -o cmTC_85812 
/usr/bin/ld: CMakeFiles/cmTC_85812.dir/src.c.o: in function `main':
src.c:(.text+0x17): undefined reference to `_finite'
collect2: error: ld returned 1 exit status
make[1]: *** [CMakeFiles/cmTC_85812.dir/build.make:87: cmTC_85812] Error 1
make[1]: Leaving directory '/storage5/shawn/RREMD/source_gromacs-4.6.7.4/build/CMakeFiles/CMakeTmp'
make: *** [Makefile:121: cmTC_85812/fast] Error 2


Source file was:
#include <float.h>
int main(void) {
  float f;
  _finite(f);
}
Determining if the include file intrin.h exists failed with the following output:
Change Dir: /storage5/shawn/RREMD/source_gromacs-4.6.7.4/build/CMakeFiles/CMakeTmp

Run Build Command(s):/usr/bin/make cmTC_e475c/fast && /usr/bin/make -f CMakeFiles/cmTC_e475c.dir/build.make CMakeFiles/cmTC_e475c.dir/build
make[1]: Entering directory '/storage5/shawn/RREMD/source_gromacs-4.6.7.4/build/CMakeFiles/CMakeTmp'
Building C object CMakeFiles/cmTC_e475c.dir/CheckIncludeFile.c.o
/usr/bin/cc   -Wextra -Wno-missing-field-initializers -Wno-sign-compare -Wall -Wno-unused -Wunused-value -Wno-unused-parameter -Wno-array-bounds -Wno-maybe-uninitialized -Wno-strict-overflow   -mavx     -o CMakeFiles/cmTC_e475c.dir/CheckIncludeFile.c.o   -c /storage5/shawn/RREMD/source_gromacs-4.6.7.4/build/CMakeFiles/CMakeTmp/CheckIncludeFile.c
/storage5/shawn/RREMD/source_gromacs-4.6.7.4/build/CMakeFiles/CMakeTmp/CheckIncludeFile.c:1:10: fatal error: intrin.h: No such file or directory
    1 | #include <intrin.h>
      |          ^~~~~~~~~~
compilation terminated.
make[1]: *** [CMakeFiles/cmTC_e475c.dir/build.make:66: CMakeFiles/cmTC_e475c.dir/CheckIncludeFile.c.o] Error 1
make[1]: Leaving directory '/storage5/shawn/RREMD/source_gromacs-4.6.7.4/build/CMakeFiles/CMakeTmp'
make: *** [Makefile:121: cmTC_e475c/fast] Error 2



